error [0;38;5;208m"[1;38;5;113mUndefined array key "laravel/framework"[0;38;5;208m"[m
/Users/ansori/project-tempest/check-repo-version/vendor/tempest/framework/src/Tempest/Console/src/Exceptions/ConsoleErrorHandler.php:68
error [0;38;5;208m"[1;38;5;113mUndefined array key "laravel/framework"[0;38;5;208m"[m
/Users/ansori/project-tempest/check-repo-version/vendor/tempest/framework/src/Tempest/Console/src/Exceptions/ConsoleErrorHandler.php:68
error [0;38;5;208m"[1;38;5;113mUndefined array key "laravel/framework"[0;38;5;208m"[m
/Users/ansori/project-tempest/check-repo-version/vendor/tempest/framework/src/Tempest/Console/src/Exceptions/ConsoleErrorHandler.php:68
error [0;38;5;208m"[1;38;5;113mUndefined array key "nuxt"[0;38;5;208m"[m
/Users/ansori/project-tempest/check-repo-version/vendor/tempest/framework/src/Tempest/Console/src/Exceptions/ConsoleErrorHandler.php:68
error [0;38;5;208m"[1;38;5;113mUndefined array key "nuxt"[0;38;5;208m"[m
/Users/ansori/project-tempest/check-repo-version/vendor/tempest/framework/src/Tempest/Console/src/Exceptions/ConsoleErrorHandler.php:68
error [0;38;5;208m"[1;38;5;113mUndefined array key "nuxt"[0;38;5;208m"[m
/Users/ansori/project-tempest/check-repo-version/vendor/tempest/framework/src/Tempest/Console/src/Exceptions/ConsoleErrorHandler.php:68
error [0;38;5;208m"[1;38;5;113mUndefined array key "nuxt"[0;38;5;208m"[m
/Users/ansori/project-tempest/check-repo-version/vendor/tempest/framework/src/Tempest/Console/src/Exceptions/ConsoleErrorHandler.php:68
error [0;38;5;208m"[1;38;5;113mUndefined array key "dependencies"[0;38;5;208m"[m
/Users/ansori/project-tempest/check-repo-version/vendor/tempest/framework/src/Tempest/Console/src/Exceptions/ConsoleErrorHandler.php:68
error [0;38;5;208m"[1;38;5;113mTrying to access array offset on null[0;38;5;208m"[m
/Users/ansori/project-tempest/check-repo-version/vendor/tempest/framework/src/Tempest/Console/src/Exceptions/ConsoleErrorHandler.php:68
error [0;38;5;208m"[1;38;5;113mUndefined array key "dependencies"[0;38;5;208m"[m
/Users/ansori/project-tempest/check-repo-version/vendor/tempest/framework/src/Tempest/Console/src/Exceptions/ConsoleErrorHandler.php:68
error [0;38;5;208m"[1;38;5;113mTrying to access array offset on null[0;38;5;208m"[m
/Users/ansori/project-tempest/check-repo-version/vendor/tempest/framework/src/Tempest/Console/src/Exceptions/ConsoleErrorHandler.php:68
error [0;38;5;208m"[1;38;5;113mUndefined array key "dependencies"[0;38;5;208m"[m
/Users/ansori/project-tempest/check-repo-version/vendor/tempest/framework/src/Tempest/Console/src/Exceptions/ConsoleErrorHandler.php:68
error [0;38;5;208m"[1;38;5;113mTrying to access array offset on null[0;38;5;208m"[m
/Users/ansori/project-tempest/check-repo-version/vendor/tempest/framework/src/Tempest/Console/src/Exceptions/ConsoleErrorHandler.php:68
error [0;38;5;208m"[1;38;5;113mUndefined array key "dependencies"[0;38;5;208m"[m
/Users/ansori/project-tempest/check-repo-version/vendor/tempest/framework/src/Tempest/Console/src/Exceptions/ConsoleErrorHandler.php:68
error [0;38;5;208m"[1;38;5;113mTrying to access array offset on null[0;38;5;208m"[m
/Users/ansori/project-tempest/check-repo-version/vendor/tempest/framework/src/Tempest/Console/src/Exceptions/ConsoleErrorHandler.php:68
error [0;38;5;208m"[1;38;5;113mUndefined array key "nuxt"[0;38;5;208m"[m
/Users/ansori/project-tempest/check-repo-version/vendor/tempest/framework/src/Tempest/Console/src/Exceptions/ConsoleErrorHandler.php:68
error [0;38;5;208m"[1;38;5;113mUndefined array key "dependencies"[0;38;5;208m"[m
/Users/ansori/project-tempest/check-repo-version/vendor/tempest/framework/src/Tempest/Console/src/Exceptions/ConsoleErrorHandler.php:68
error [0;38;5;208m"[1;38;5;113mTrying to access array offset on null[0;38;5;208m"[m
/Users/ansori/project-tempest/check-repo-version/vendor/tempest/framework/src/Tempest/Console/src/Exceptions/ConsoleErrorHandler.php:68
error [0;38;5;208m"[1;38;5;113mUndefined array key "dependencies"[0;38;5;208m"[m
/Users/ansori/project-tempest/check-repo-version/vendor/tempest/framework/src/Tempest/Console/src/Exceptions/ConsoleErrorHandler.php:68
error [0;38;5;208m"[1;38;5;113mTrying to access array offset on null[0;38;5;208m"[m
/Users/ansori/project-tempest/check-repo-version/vendor/tempest/framework/src/Tempest/Console/src/Exceptions/ConsoleErrorHandler.php:68
error [0;38;5;208m"[1;38;5;113mUndefined array key "dependencies"[0;38;5;208m"[m
/Users/ansori/project-tempest/check-repo-version/vendor/tempest/framework/src/Tempest/Console/src/Exceptions/ConsoleErrorHandler.php:68
error [0;38;5;208m"[1;38;5;113mTrying to access array offset on null[0;38;5;208m"[m
/Users/ansori/project-tempest/check-repo-version/vendor/tempest/framework/src/Tempest/Console/src/Exceptions/ConsoleErrorHandler.php:68
error [0;38;5;208m"[1;38;5;113mUndefined array key "nuxt"[0;38;5;208m"[m
/Users/ansori/project-tempest/check-repo-version/vendor/tempest/framework/src/Tempest/Console/src/Exceptions/ConsoleErrorHandler.php:68
error [0;38;5;208m"[1;38;5;113mUndefined array key "nuxt"[0;38;5;208m"[m
/Users/ansori/project-tempest/check-repo-version/vendor/tempest/framework/src/Tempest/Console/src/Exceptions/ConsoleErrorHandler.php:68
error [0;38;5;208m"[1;38;5;113mUndefined array key "nuxt"[0;38;5;208m"[m
/Users/ansori/project-tempest/check-repo-version/vendor/tempest/framework/src/Tempest/Console/src/Exceptions/ConsoleErrorHandler.php:68
error [0;38;5;208m"[1;38;5;113mUndefined array key "nuxt"[0;38;5;208m"[m
/Users/ansori/project-tempest/check-repo-version/vendor/tempest/framework/src/Tempest/Console/src/Exceptions/ConsoleErrorHandler.php:68
error [0;38;5;208m"[1;38;5;113mUndefined array key "nuxt"[0;38;5;208m"[m
/Users/ansori/project-tempest/check-repo-version/vendor/tempest/framework/src/Tempest/Console/src/Exceptions/ConsoleErrorHandler.php:68
error [0;38;5;208m"[1;38;5;113mUndefined array key "dependencies"[0;38;5;208m"[m
/Users/ansori/project-tempest/check-repo-version/vendor/tempest/framework/src/Tempest/Console/src/Exceptions/ConsoleErrorHandler.php:68
error [0;38;5;208m"[1;38;5;113mTrying to access array offset on null[0;38;5;208m"[m
/Users/ansori/project-tempest/check-repo-version/vendor/tempest/framework/src/Tempest/Console/src/Exceptions/ConsoleErrorHandler.php:68
error [0;38;5;208m"[1;38;5;113mUndefined array key "dependencies"[0;38;5;208m"[m
/Users/ansori/project-tempest/check-repo-version/vendor/tempest/framework/src/Tempest/Console/src/Exceptions/ConsoleErrorHandler.php:68
error [0;38;5;208m"[1;38;5;113mTrying to access array offset on null[0;38;5;208m"[m
/Users/ansori/project-tempest/check-repo-version/vendor/tempest/framework/src/Tempest/Console/src/Exceptions/ConsoleErrorHandler.php:68
error [0;38;5;208m"[1;38;5;113mUndefined array key "dependencies"[0;38;5;208m"[m
/Users/ansori/project-tempest/check-repo-version/vendor/tempest/framework/src/Tempest/Console/src/Exceptions/ConsoleErrorHandler.php:68
error [0;38;5;208m"[1;38;5;113mTrying to access array offset on null[0;38;5;208m"[m
/Users/ansori/project-tempest/check-repo-version/vendor/tempest/framework/src/Tempest/Console/src/Exceptions/ConsoleErrorHandler.php:68
error [0;38;5;208m"[1;38;5;113mUndefined array key "nuxt"[0;38;5;208m"[m
/Users/ansori/project-tempest/check-repo-version/vendor/tempest/framework/src/Tempest/Console/src/Exceptions/ConsoleErrorHandler.php:68
error [0;38;5;208m"[1;38;5;113mUndefined array key "nuxt"[0;38;5;208m"[m
/Users/ansori/project-tempest/check-repo-version/vendor/tempest/framework/src/Tempest/Console/src/Exceptions/ConsoleErrorHandler.php:68
error [0;38;5;208m"[1;38;5;113mUndefined array key "nuxt"[0;38;5;208m"[m
/Users/ansori/project-tempest/check-repo-version/vendor/tempest/framework/src/Tempest/Console/src/Exceptions/ConsoleErrorHandler.php:68
error [0;38;5;208m"[1;38;5;113mUndefined array key "dependencies"[0;38;5;208m"[m
/Users/ansori/project-tempest/check-repo-version/vendor/tempest/framework/src/Tempest/Console/src/Exceptions/ConsoleErrorHandler.php:68
error [0;38;5;208m"[1;38;5;113mTrying to access array offset on null[0;38;5;208m"[m
/Users/ansori/project-tempest/check-repo-version/vendor/tempest/framework/src/Tempest/Console/src/Exceptions/ConsoleErrorHandler.php:68
error [0;38;5;208m"[1;38;5;113mUndefined array key "nuxt"[0;38;5;208m"[m
/Users/ansori/project-tempest/check-repo-version/vendor/tempest/framework/src/Tempest/Console/src/Exceptions/ConsoleErrorHandler.php:68
error [0;38;5;208m"[1;38;5;113mUndefined array key "dependencies"[0;38;5;208m"[m
/Users/ansori/project-tempest/check-repo-version/vendor/tempest/framework/src/Tempest/Console/src/Exceptions/ConsoleErrorHandler.php:68
error [0;38;5;208m"[1;38;5;113mTrying to access array offset on null[0;38;5;208m"[m
/Users/ansori/project-tempest/check-repo-version/vendor/tempest/framework/src/Tempest/Console/src/Exceptions/ConsoleErrorHandler.php:68
error [0;38;5;208m"[1;38;5;113mUndefined array key "nuxt"[0;38;5;208m"[m
/Users/ansori/project-tempest/check-repo-version/vendor/tempest/framework/src/Tempest/Console/src/Exceptions/ConsoleErrorHandler.php:68
error [0;38;5;208m"[1;38;5;113mUndefined array key "dependencies"[0;38;5;208m"[m
/Users/ansori/project-tempest/check-repo-version/vendor/tempest/framework/src/Tempest/Console/src/Exceptions/ConsoleErrorHandler.php:68
error [0;38;5;208m"[1;38;5;113mTrying to access array offset on null[0;38;5;208m"[m
/Users/ansori/project-tempest/check-repo-version/vendor/tempest/framework/src/Tempest/Console/src/Exceptions/ConsoleErrorHandler.php:68
error [0;38;5;208m"[1;38;5;113mUndefined array key "nuxt"[0;38;5;208m"[m
/Users/ansori/project-tempest/check-repo-version/vendor/tempest/framework/src/Tempest/Console/src/Exceptions/ConsoleErrorHandler.php:68
error [0;38;5;208m"[1;38;5;113mUndefined array key "nuxt"[0;38;5;208m"[m
/Users/ansori/project-tempest/check-repo-version/vendor/tempest/framework/src/Tempest/Console/src/Exceptions/ConsoleErrorHandler.php:68
error [0;38;5;208m"[1;38;5;113mUndefined array key "nuxt"[0;38;5;208m"[m
/Users/ansori/project-tempest/check-repo-version/vendor/tempest/framework/src/Tempest/Console/src/Exceptions/ConsoleErrorHandler.php:68
error [0;38;5;208m"[1;38;5;113mUndefined array key "nuxt"[0;38;5;208m"[m
/Users/ansori/project-tempest/check-repo-version/vendor/tempest/framework/src/Tempest/Console/src/Exceptions/ConsoleErrorHandler.php:68
error [0;38;5;208m"[1;38;5;113mUndefined array key "nuxt"[0;38;5;208m"[m
/Users/ansori/project-tempest/check-repo-version/vendor/tempest/framework/src/Tempest/Console/src/Exceptions/ConsoleErrorHandler.php:68
error [0;38;5;208m"[1;38;5;113mUndefined array key "nuxt"[0;38;5;208m"[m
/Users/ansori/project-tempest/check-repo-version/vendor/tempest/framework/src/Tempest/Console/src/Exceptions/ConsoleErrorHandler.php:68
error [0;38;5;208m"[1;38;5;113mUndefined array key "nuxt"[0;38;5;208m"[m
/Users/ansori/project-tempest/check-repo-version/vendor/tempest/framework/src/Tempest/Console/src/Exceptions/ConsoleErrorHandler.php:68
error [0;38;5;208m"[1;38;5;113mUndefined array key "nuxt"[0;38;5;208m"[m
/Users/ansori/project-tempest/check-repo-version/vendor/tempest/framework/src/Tempest/Console/src/Exceptions/ConsoleErrorHandler.php:68
error [0;38;5;208m"[1;38;5;113mUndefined array key "dependencies"[0;38;5;208m"[m
/Users/ansori/project-tempest/check-repo-version/vendor/tempest/framework/src/Tempest/Console/src/Exceptions/ConsoleErrorHandler.php:68
error [0;38;5;208m"[1;38;5;113mTrying to access array offset on null[0;38;5;208m"[m
/Users/ansori/project-tempest/check-repo-version/vendor/tempest/framework/src/Tempest/Console/src/Exceptions/ConsoleErrorHandler.php:68
error [0;38;5;208m"[1;38;5;113mUndefined array key "nuxt"[0;38;5;208m"[m
/Users/ansori/project-tempest/check-repo-version/vendor/tempest/framework/src/Tempest/Console/src/Exceptions/ConsoleErrorHandler.php:68
error [0;38;5;208m"[1;38;5;113mUndefined array key "nuxt"[0;38;5;208m"[m
/Users/ansori/project-tempest/check-repo-version/vendor/tempest/framework/src/Tempest/Console/src/Exceptions/ConsoleErrorHandler.php:68
error [0;38;5;208m"[1;38;5;113mUndefined array key "nuxt"[0;38;5;208m"[m
/Users/ansori/project-tempest/check-repo-version/vendor/tempest/framework/src/Tempest/Console/src/Exceptions/ConsoleErrorHandler.php:68
error [0;38;5;208m"[1;38;5;113mUndefined array key "dependencies"[0;38;5;208m"[m
/Users/ansori/project-tempest/check-repo-version/vendor/tempest/framework/src/Tempest/Console/src/Exceptions/ConsoleErrorHandler.php:68
error [0;38;5;208m"[1;38;5;113mTrying to access array offset on null[0;38;5;208m"[m
/Users/ansori/project-tempest/check-repo-version/vendor/tempest/framework/src/Tempest/Console/src/Exceptions/ConsoleErrorHandler.php:68
error [0;38;5;208m"[1;38;5;113mUndefined array key "nuxt"[0;38;5;208m"[m
/Users/ansori/project-tempest/check-repo-version/vendor/tempest/framework/src/Tempest/Console/src/Exceptions/ConsoleErrorHandler.php:68
error [0;38;5;208m"[1;38;5;113mUndefined array key "nuxt"[0;38;5;208m"[m
/Users/ansori/project-tempest/check-repo-version/vendor/tempest/framework/src/Tempest/Console/src/Exceptions/ConsoleErrorHandler.php:68
error [0;38;5;208m"[1;38;5;113mUndefined array key "nuxt"[0;38;5;208m"[m
/Users/ansori/project-tempest/check-repo-version/vendor/tempest/framework/src/Tempest/Console/src/Exceptions/ConsoleErrorHandler.php:68
error [0;38;5;208m"[1;38;5;113mUndefined array key "nuxt"[0;38;5;208m"[m
/Users/ansori/project-tempest/check-repo-version/vendor/tempest/framework/src/Tempest/Console/src/Exceptions/ConsoleErrorHandler.php:68
error [0;38;5;208m"[1;38;5;113mUndefined array key "nuxt"[0;38;5;208m"[m
/Users/ansori/project-tempest/check-repo-version/vendor/tempest/framework/src/Tempest/Console/src/Exceptions/ConsoleErrorHandler.php:68
error [0;38;5;208m"[1;38;5;113mUndefined array key "nuxt"[0;38;5;208m"[m
/Users/ansori/project-tempest/check-repo-version/vendor/tempest/framework/src/Tempest/Console/src/Exceptions/ConsoleErrorHandler.php:68
error [0;38;5;208m"[1;38;5;113mUndefined array key "nuxt"[0;38;5;208m"[m
/Users/ansori/project-tempest/check-repo-version/vendor/tempest/framework/src/Tempest/Console/src/Exceptions/ConsoleErrorHandler.php:68
error [0;38;5;208m"[1;38;5;113mUndefined array key "nuxt"[0;38;5;208m"[m
/Users/ansori/project-tempest/check-repo-version/vendor/tempest/framework/src/Tempest/Console/src/Exceptions/ConsoleErrorHandler.php:68
error [0;38;5;208m"[1;38;5;113mUndefined array key "dependencies"[0;38;5;208m"[m
/Users/ansori/project-tempest/check-repo-version/vendor/tempest/framework/src/Tempest/Console/src/Exceptions/ConsoleErrorHandler.php:68
error [0;38;5;208m"[1;38;5;113mTrying to access array offset on null[0;38;5;208m"[m
/Users/ansori/project-tempest/check-repo-version/vendor/tempest/framework/src/Tempest/Console/src/Exceptions/ConsoleErrorHandler.php:68
error [0;38;5;208m"[1;38;5;113mUndefined array key "nuxt"[0;38;5;208m"[m
/Users/ansori/project-tempest/check-repo-version/vendor/tempest/framework/src/Tempest/Console/src/Exceptions/ConsoleErrorHandler.php:68
error [0;38;5;208m"[1;38;5;113mUndefined array key "dependencies"[0;38;5;208m"[m
/Users/ansori/project-tempest/check-repo-version/vendor/tempest/framework/src/Tempest/Console/src/Exceptions/ConsoleErrorHandler.php:68
error [0;38;5;208m"[1;38;5;113mTrying to access array offset on null[0;38;5;208m"[m
/Users/ansori/project-tempest/check-repo-version/vendor/tempest/framework/src/Tempest/Console/src/Exceptions/ConsoleErrorHandler.php:68
error [0;38;5;208m"[1;38;5;113mUndefined array key "nuxt"[0;38;5;208m"[m
/Users/ansori/project-tempest/check-repo-version/vendor/tempest/framework/src/Tempest/Console/src/Exceptions/ConsoleErrorHandler.php:68
error [0;38;5;208m"[1;38;5;113mUndefined array key "nuxt"[0;38;5;208m"[m
/Users/ansori/project-tempest/check-repo-version/vendor/tempest/framework/src/Tempest/Console/src/Exceptions/ConsoleErrorHandler.php:68
error [0;38;5;208m"[1;38;5;113mUndefined array key "nuxt"[0;38;5;208m"[m
/Users/ansori/project-tempest/check-repo-version/vendor/tempest/framework/src/Tempest/Console/src/Exceptions/ConsoleErrorHandler.php:68
error [0;38;5;208m"[1;38;5;113mUndefined array key "nuxt"[0;38;5;208m"[m
/Users/ansori/project-tempest/check-repo-version/vendor/tempest/framework/src/Tempest/Console/src/Exceptions/ConsoleErrorHandler.php:68
error [0;38;5;208m"[1;38;5;113mUndefined array key "laravel/framework"[0;38;5;208m"[m
/Users/ansori/project-tempest/check-repo-version/vendor/tempest/framework/src/Tempest/Console/src/Exceptions/ConsoleErrorHandler.php:68
error [0;38;5;208m"[1;38;5;113mUndefined array key "devDependencies"[0;38;5;208m"[m
/Users/ansori/project-tempest/check-repo-version/vendor/tempest/framework/src/Tempest/Console/src/Exceptions/ConsoleErrorHandler.php:68
error [0;38;5;208m"[1;38;5;113mTrying to access array offset on null[0;38;5;208m"[m
/Users/ansori/project-tempest/check-repo-version/vendor/tempest/framework/src/Tempest/Console/src/Exceptions/ConsoleErrorHandler.php:68
error [0;38;5;208m"[1;38;5;113mUndefined array key "nuxt"[0;38;5;208m"[m
/Users/ansori/project-tempest/check-repo-version/vendor/tempest/framework/src/Tempest/Console/src/Exceptions/ConsoleErrorHandler.php:68
error [0;38;5;208m"[1;38;5;113mUndefined array key "nuxt"[0;38;5;208m"[m
/Users/ansori/project-tempest/check-repo-version/vendor/tempest/framework/src/Tempest/Console/src/Exceptions/ConsoleErrorHandler.php:68
error [0;38;5;208m"[1;38;5;113mUndefined array key "nuxt"[0;38;5;208m"[m
/Users/ansori/project-tempest/check-repo-version/vendor/tempest/framework/src/Tempest/Console/src/Exceptions/ConsoleErrorHandler.php:68
error [0;38;5;208m"[1;38;5;113mUndefined array key "nuxt"[0;38;5;208m"[m
/Users/ansori/project-tempest/check-repo-version/vendor/tempest/framework/src/Tempest/Console/src/Exceptions/ConsoleErrorHandler.php:68
error [0;38;5;208m"[1;38;5;113mUndefined array key "nuxt"[0;38;5;208m"[m
/Users/ansori/project-tempest/check-repo-version/vendor/tempest/framework/src/Tempest/Console/src/Exceptions/ConsoleErrorHandler.php:68
error [0;38;5;208m"[1;38;5;113mUndefined array key "nuxt"[0;38;5;208m"[m
/Users/ansori/project-tempest/check-repo-version/vendor/tempest/framework/src/Tempest/Console/src/Exceptions/ConsoleErrorHandler.php:68
error [0;38;5;208m"[1;38;5;113mUndefined array key "devDependencies"[0;38;5;208m"[m
/Users/ansori/project-tempest/check-repo-version/vendor/tempest/framework/src/Tempest/Console/src/Exceptions/ConsoleErrorHandler.php:68
error [0;38;5;208m"[1;38;5;113mTrying to access array offset on null[0;38;5;208m"[m
/Users/ansori/project-tempest/check-repo-version/vendor/tempest/framework/src/Tempest/Console/src/Exceptions/ConsoleErrorHandler.php:68
error [0;38;5;208m"[1;38;5;113mUndefined array key "nuxt"[0;38;5;208m"[m
/Users/ansori/project-tempest/check-repo-version/vendor/tempest/framework/src/Tempest/Console/src/Exceptions/ConsoleErrorHandler.php:68
error [0;38;5;208m"[1;38;5;113mUndefined array key "nuxt"[0;38;5;208m"[m
/Users/ansori/project-tempest/check-repo-version/vendor/tempest/framework/src/Tempest/Console/src/Exceptions/ConsoleErrorHandler.php:68
error [0;38;5;208m"[1;38;5;113mUndefined array key "nuxt"[0;38;5;208m"[m
/Users/ansori/project-tempest/check-repo-version/vendor/tempest/framework/src/Tempest/Console/src/Exceptions/ConsoleErrorHandler.php:68
error [0;38;5;208m"[1;38;5;113mUndefined array key "devDependencies"[0;38;5;208m"[m
/Users/ansori/project-tempest/check-repo-version/vendor/tempest/framework/src/Tempest/Console/src/Exceptions/ConsoleErrorHandler.php:68
error [0;38;5;208m"[1;38;5;113mTrying to access array offset on null[0;38;5;208m"[m
/Users/ansori/project-tempest/check-repo-version/vendor/tempest/framework/src/Tempest/Console/src/Exceptions/ConsoleErrorHandler.php:68
error [0;38;5;208m"[1;38;5;113mUndefined array key "nuxt"[0;38;5;208m"[m
/Users/ansori/project-tempest/check-repo-version/vendor/tempest/framework/src/Tempest/Console/src/Exceptions/ConsoleErrorHandler.php:68
error [0;38;5;208m"[1;38;5;113mUndefined array key "devDependencies"[0;38;5;208m"[m
/Users/ansori/project-tempest/check-repo-version/vendor/tempest/framework/src/Tempest/Console/src/Exceptions/ConsoleErrorHandler.php:68
error [0;38;5;208m"[1;38;5;113mTrying to access array offset on null[0;38;5;208m"[m
/Users/ansori/project-tempest/check-repo-version/vendor/tempest/framework/src/Tempest/Console/src/Exceptions/ConsoleErrorHandler.php:68
error [0;38;5;208m"[1;38;5;113mUndefined array key "nuxt"[0;38;5;208m"[m
/Users/ansori/project-tempest/check-repo-version/vendor/tempest/framework/src/Tempest/Console/src/Exceptions/ConsoleErrorHandler.php:68
error [0;38;5;208m"[1;38;5;113mUndefined array key "nuxt"[0;38;5;208m"[m
/Users/ansori/project-tempest/check-repo-version/vendor/tempest/framework/src/Tempest/Console/src/Exceptions/ConsoleErrorHandler.php:68
error [0;38;5;208m"[1;38;5;113mUndefined array key "nuxt"[0;38;5;208m"[m
/Users/ansori/project-tempest/check-repo-version/vendor/tempest/framework/src/Tempest/Console/src/Exceptions/ConsoleErrorHandler.php:68
error [0;38;5;208m"[1;38;5;113mUndefined array key "nuxt"[0;38;5;208m"[m
/Users/ansori/project-tempest/check-repo-version/vendor/tempest/framework/src/Tempest/Console/src/Exceptions/ConsoleErrorHandler.php:68
error [0;38;5;208m"[1;38;5;113mUndefined array key "nuxt"[0;38;5;208m"[m
/Users/ansori/project-tempest/check-repo-version/vendor/tempest/framework/src/Tempest/Console/src/Exceptions/ConsoleErrorHandler.php:68
error [0;38;5;208m"[1;38;5;113mUndefined array key "nuxt"[0;38;5;208m"[m
/Users/ansori/project-tempest/check-repo-version/vendor/tempest/framework/src/Tempest/Console/src/Exceptions/ConsoleErrorHandler.php:68
error [0;38;5;208m"[1;38;5;113mUndefined array key "nuxt"[0;38;5;208m"[m
/Users/ansori/project-tempest/check-repo-version/vendor/tempest/framework/src/Tempest/Console/src/Exceptions/ConsoleErrorHandler.php:68
error [0;38;5;208m"[1;38;5;113mUndefined array key "nuxt"[0;38;5;208m"[m
/Users/ansori/project-tempest/check-repo-version/vendor/tempest/framework/src/Tempest/Console/src/Exceptions/ConsoleErrorHandler.php:68
error [0;38;5;208m"[1;38;5;113mUndefined array key "nuxt"[0;38;5;208m"[m
/Users/ansori/project-tempest/check-repo-version/vendor/tempest/framework/src/Tempest/Console/src/Exceptions/ConsoleErrorHandler.php:68
error [0;38;5;208m"[1;38;5;113mUndefined array key "nuxt"[0;38;5;208m"[m
/Users/ansori/project-tempest/check-repo-version/vendor/tempest/framework/src/Tempest/Console/src/Exceptions/ConsoleErrorHandler.php:68
error [0;38;5;208m"[1;38;5;113mUndefined array key "nuxt"[0;38;5;208m"[m
/Users/ansori/project-tempest/check-repo-version/vendor/tempest/framework/src/Tempest/Console/src/Exceptions/ConsoleErrorHandler.php:68
error [0;38;5;208m"[1;38;5;113mUndefined array key "nuxt"[0;38;5;208m"[m
/Users/ansori/project-tempest/check-repo-version/vendor/tempest/framework/src/Tempest/Console/src/Exceptions/ConsoleErrorHandler.php:68
error [0;38;5;208m"[1;38;5;113mUndefined array key "nuxt"[0;38;5;208m"[m
/Users/ansori/project-tempest/check-repo-version/vendor/tempest/framework/src/Tempest/Console/src/Exceptions/ConsoleErrorHandler.php:68
error [0;38;5;208m"[1;38;5;113mUndefined array key "nuxt"[0;38;5;208m"[m
/Users/ansori/project-tempest/check-repo-version/vendor/tempest/framework/src/Tempest/Console/src/Exceptions/ConsoleErrorHandler.php:68
error [0;38;5;208m"[1;38;5;113mUndefined array key "nuxt"[0;38;5;208m"[m
/Users/ansori/project-tempest/check-repo-version/vendor/tempest/framework/src/Tempest/Console/src/Exceptions/ConsoleErrorHandler.php:68
error [0;38;5;208m"[1;38;5;113mUndefined array key "nuxt"[0;38;5;208m"[m
/Users/ansori/project-tempest/check-repo-version/vendor/tempest/framework/src/Tempest/Console/src/Exceptions/ConsoleErrorHandler.php:68
error [0;38;5;208m"[1;38;5;113mUndefined array key "nuxt"[0;38;5;208m"[m
/Users/ansori/project-tempest/check-repo-version/vendor/tempest/framework/src/Tempest/Console/src/Exceptions/ConsoleErrorHandler.php:68
error [0;38;5;208m"[1;38;5;113mUndefined array key "nuxt"[0;38;5;208m"[m
/Users/ansori/project-tempest/check-repo-version/vendor/tempest/framework/src/Tempest/Console/src/Exceptions/ConsoleErrorHandler.php:68
error [0;38;5;208m"[1;38;5;113mUndefined array key "laravel/framework"[0;38;5;208m"[m
/Users/ansori/project-tempest/check-repo-version/vendor/tempest/framework/src/Tempest/Console/src/Exceptions/ConsoleErrorHandler.php:68
error [0;38;5;208m"[1;38;5;113mUndefined array key "devDependencies"[0;38;5;208m"[m
/Users/ansori/project-tempest/check-repo-version/vendor/tempest/framework/src/Tempest/Console/src/Exceptions/ConsoleErrorHandler.php:68
error [0;38;5;208m"[1;38;5;113mTrying to access array offset on null[0;38;5;208m"[m
/Users/ansori/project-tempest/check-repo-version/vendor/tempest/framework/src/Tempest/Console/src/Exceptions/ConsoleErrorHandler.php:68
error [0;38;5;208m"[1;38;5;113mUndefined array key "nuxt"[0;38;5;208m"[m
/Users/ansori/project-tempest/check-repo-version/vendor/tempest/framework/src/Tempest/Console/src/Exceptions/ConsoleErrorHandler.php:68
error [0;38;5;208m"[1;38;5;113mUndefined array key "nuxt"[0;38;5;208m"[m
/Users/ansori/project-tempest/check-repo-version/vendor/tempest/framework/src/Tempest/Console/src/Exceptions/ConsoleErrorHandler.php:68
error [0;38;5;208m"[1;38;5;113mUndefined array key "nuxt"[0;38;5;208m"[m
/Users/ansori/project-tempest/check-repo-version/vendor/tempest/framework/src/Tempest/Console/src/Exceptions/ConsoleErrorHandler.php:68
error [0;38;5;208m"[1;38;5;113mUndefined array key "nuxt"[0;38;5;208m"[m
/Users/ansori/project-tempest/check-repo-version/vendor/tempest/framework/src/Tempest/Console/src/Exceptions/ConsoleErrorHandler.php:68
error [0;38;5;208m"[1;38;5;113mUndefined array key "nuxt"[0;38;5;208m"[m
/Users/ansori/project-tempest/check-repo-version/vendor/tempest/framework/src/Tempest/Console/src/Exceptions/ConsoleErrorHandler.php:68
error [0;38;5;208m"[1;38;5;113mUndefined array key "nuxt"[0;38;5;208m"[m
/Users/ansori/project-tempest/check-repo-version/vendor/tempest/framework/src/Tempest/Console/src/Exceptions/ConsoleErrorHandler.php:68
error [0;38;5;208m"[1;38;5;113mUndefined array key "devDependencies"[0;38;5;208m"[m
/Users/ansori/project-tempest/check-repo-version/vendor/tempest/framework/src/Tempest/Console/src/Exceptions/ConsoleErrorHandler.php:68
error [0;38;5;208m"[1;38;5;113mTrying to access array offset on null[0;38;5;208m"[m
/Users/ansori/project-tempest/check-repo-version/vendor/tempest/framework/src/Tempest/Console/src/Exceptions/ConsoleErrorHandler.php:68
error [0;38;5;208m"[1;38;5;113mUndefined array key "nuxt"[0;38;5;208m"[m
/Users/ansori/project-tempest/check-repo-version/vendor/tempest/framework/src/Tempest/Console/src/Exceptions/ConsoleErrorHandler.php:68
error [0;38;5;208m"[1;38;5;113mUndefined array key "nuxt"[0;38;5;208m"[m
/Users/ansori/project-tempest/check-repo-version/vendor/tempest/framework/src/Tempest/Console/src/Exceptions/ConsoleErrorHandler.php:68
error [0;38;5;208m"[1;38;5;113mUndefined array key "nuxt"[0;38;5;208m"[m
/Users/ansori/project-tempest/check-repo-version/vendor/tempest/framework/src/Tempest/Console/src/Exceptions/ConsoleErrorHandler.php:68
error [0;38;5;208m"[1;38;5;113mUndefined array key "devDependencies"[0;38;5;208m"[m
/Users/ansori/project-tempest/check-repo-version/vendor/tempest/framework/src/Tempest/Console/src/Exceptions/ConsoleErrorHandler.php:68
error [0;38;5;208m"[1;38;5;113mTrying to access array offset on null[0;38;5;208m"[m
/Users/ansori/project-tempest/check-repo-version/vendor/tempest/framework/src/Tempest/Console/src/Exceptions/ConsoleErrorHandler.php:68
error [0;38;5;208m"[1;38;5;113mUndefined array key "nuxt"[0;38;5;208m"[m
/Users/ansori/project-tempest/check-repo-version/vendor/tempest/framework/src/Tempest/Console/src/Exceptions/ConsoleErrorHandler.php:68
error [0;38;5;208m"[1;38;5;113mUndefined array key "devDependencies"[0;38;5;208m"[m
/Users/ansori/project-tempest/check-repo-version/vendor/tempest/framework/src/Tempest/Console/src/Exceptions/ConsoleErrorHandler.php:68
error [0;38;5;208m"[1;38;5;113mTrying to access array offset on null[0;38;5;208m"[m
/Users/ansori/project-tempest/check-repo-version/vendor/tempest/framework/src/Tempest/Console/src/Exceptions/ConsoleErrorHandler.php:68
error [0;38;5;208m"[1;38;5;113mUndefined array key "nuxt"[0;38;5;208m"[m
/Users/ansori/project-tempest/check-repo-version/vendor/tempest/framework/src/Tempest/Console/src/Exceptions/ConsoleErrorHandler.php:68
error [0;38;5;208m"[1;38;5;113mUndefined array key "nuxt"[0;38;5;208m"[m
/Users/ansori/project-tempest/check-repo-version/vendor/tempest/framework/src/Tempest/Console/src/Exceptions/ConsoleErrorHandler.php:68
error [0;38;5;208m"[1;38;5;113mUndefined array key "nuxt"[0;38;5;208m"[m
/Users/ansori/project-tempest/check-repo-version/vendor/tempest/framework/src/Tempest/Console/src/Exceptions/ConsoleErrorHandler.php:68
error [0;38;5;208m"[1;38;5;113mUndefined array key "nuxt"[0;38;5;208m"[m
/Users/ansori/project-tempest/check-repo-version/vendor/tempest/framework/src/Tempest/Console/src/Exceptions/ConsoleErrorHandler.php:68
error [0;38;5;208m"[1;38;5;113mUndefined array key "nuxt"[0;38;5;208m"[m
/Users/ansori/project-tempest/check-repo-version/vendor/tempest/framework/src/Tempest/Console/src/Exceptions/ConsoleErrorHandler.php:68
error [0;38;5;208m"[1;38;5;113mUndefined array key "nuxt"[0;38;5;208m"[m
/Users/ansori/project-tempest/check-repo-version/vendor/tempest/framework/src/Tempest/Console/src/Exceptions/ConsoleErrorHandler.php:68
error [0;38;5;208m"[1;38;5;113mUndefined array key "nuxt"[0;38;5;208m"[m
/Users/ansori/project-tempest/check-repo-version/vendor/tempest/framework/src/Tempest/Console/src/Exceptions/ConsoleErrorHandler.php:68
error [0;38;5;208m"[1;38;5;113mUndefined array key "nuxt"[0;38;5;208m"[m
/Users/ansori/project-tempest/check-repo-version/vendor/tempest/framework/src/Tempest/Console/src/Exceptions/ConsoleErrorHandler.php:68
error [0;38;5;208m"[1;38;5;113mUndefined array key "nuxt"[0;38;5;208m"[m
/Users/ansori/project-tempest/check-repo-version/vendor/tempest/framework/src/Tempest/Console/src/Exceptions/ConsoleErrorHandler.php:68
error [0;38;5;208m"[1;38;5;113mUndefined array key "nuxt"[0;38;5;208m"[m
/Users/ansori/project-tempest/check-repo-version/vendor/tempest/framework/src/Tempest/Console/src/Exceptions/ConsoleErrorHandler.php:68
error [0;38;5;208m"[1;38;5;113mUndefined array key "nuxt"[0;38;5;208m"[m
/Users/ansori/project-tempest/check-repo-version/vendor/tempest/framework/src/Tempest/Console/src/Exceptions/ConsoleErrorHandler.php:68
error [0;38;5;208m"[1;38;5;113mUndefined array key "nuxt"[0;38;5;208m"[m
/Users/ansori/project-tempest/check-repo-version/vendor/tempest/framework/src/Tempest/Console/src/Exceptions/ConsoleErrorHandler.php:68
error [0;38;5;208m"[1;38;5;113mUndefined array key "nuxt"[0;38;5;208m"[m
/Users/ansori/project-tempest/check-repo-version/vendor/tempest/framework/src/Tempest/Console/src/Exceptions/ConsoleErrorHandler.php:68
error [0;38;5;208m"[1;38;5;113mUndefined array key "nuxt"[0;38;5;208m"[m
/Users/ansori/project-tempest/check-repo-version/vendor/tempest/framework/src/Tempest/Console/src/Exceptions/ConsoleErrorHandler.php:68
error [0;38;5;208m"[1;38;5;113mUndefined array key "nuxt"[0;38;5;208m"[m
/Users/ansori/project-tempest/check-repo-version/vendor/tempest/framework/src/Tempest/Console/src/Exceptions/ConsoleErrorHandler.php:68
error [0;38;5;208m"[1;38;5;113mUndefined array key "nuxt"[0;38;5;208m"[m
/Users/ansori/project-tempest/check-repo-version/vendor/tempest/framework/src/Tempest/Console/src/Exceptions/ConsoleErrorHandler.php:68
error [0;38;5;208m"[1;38;5;113mUndefined array key "nuxt"[0;38;5;208m"[m
/Users/ansori/project-tempest/check-repo-version/vendor/tempest/framework/src/Tempest/Console/src/Exceptions/ConsoleErrorHandler.php:68
error [0;38;5;208m"[1;38;5;113mUndefined array key "nuxt"[0;38;5;208m"[m
/Users/ansori/project-tempest/check-repo-version/vendor/tempest/framework/src/Tempest/Console/src/Exceptions/ConsoleErrorHandler.php:68
exception [0;38;5;208m"[1;38;5;113mCall to undefined method App\Console\Commands\CheckRepoVersionsCommand::info()[0;38;5;208m"[m
/Users/ansori/project-tempest/check-repo-version/vendor/tempest/framework/src/Tempest/Console/src/Exceptions/ConsoleErrorHandler.php:31
error [0;38;5;208m"[1;38;5;113mUndefined array key "laravel/framework"[0;38;5;208m"[m
/Users/ansori/project-tempest/check-repo-version/vendor/tempest/framework/src/Tempest/Console/src/Exceptions/ConsoleErrorHandler.php:68
error [0;38;5;208m"[1;38;5;113mUndefined array key "devDependencies"[0;38;5;208m"[m
/Users/ansori/project-tempest/check-repo-version/vendor/tempest/framework/src/Tempest/Console/src/Exceptions/ConsoleErrorHandler.php:68
error [0;38;5;208m"[1;38;5;113mTrying to access array offset on null[0;38;5;208m"[m
/Users/ansori/project-tempest/check-repo-version/vendor/tempest/framework/src/Tempest/Console/src/Exceptions/ConsoleErrorHandler.php:68
error [0;38;5;208m"[1;38;5;113mUndefined array key "nuxt"[0;38;5;208m"[m
/Users/ansori/project-tempest/check-repo-version/vendor/tempest/framework/src/Tempest/Console/src/Exceptions/ConsoleErrorHandler.php:68
error [0;38;5;208m"[1;38;5;113mUndefined array key "nuxt"[0;38;5;208m"[m
/Users/ansori/project-tempest/check-repo-version/vendor/tempest/framework/src/Tempest/Console/src/Exceptions/ConsoleErrorHandler.php:68
error [0;38;5;208m"[1;38;5;113mUndefined array key "nuxt"[0;38;5;208m"[m
/Users/ansori/project-tempest/check-repo-version/vendor/tempest/framework/src/Tempest/Console/src/Exceptions/ConsoleErrorHandler.php:68
error [0;38;5;208m"[1;38;5;113mUndefined array key "nuxt"[0;38;5;208m"[m
/Users/ansori/project-tempest/check-repo-version/vendor/tempest/framework/src/Tempest/Console/src/Exceptions/ConsoleErrorHandler.php:68
error [0;38;5;208m"[1;38;5;113mUndefined array key "nuxt"[0;38;5;208m"[m
/Users/ansori/project-tempest/check-repo-version/vendor/tempest/framework/src/Tempest/Console/src/Exceptions/ConsoleErrorHandler.php:68
error [0;38;5;208m"[1;38;5;113mUndefined array key "nuxt"[0;38;5;208m"[m
/Users/ansori/project-tempest/check-repo-version/vendor/tempest/framework/src/Tempest/Console/src/Exceptions/ConsoleErrorHandler.php:68
error [0;38;5;208m"[1;38;5;113mUndefined array key "devDependencies"[0;38;5;208m"[m
/Users/ansori/project-tempest/check-repo-version/vendor/tempest/framework/src/Tempest/Console/src/Exceptions/ConsoleErrorHandler.php:68
error [0;38;5;208m"[1;38;5;113mTrying to access array offset on null[0;38;5;208m"[m
/Users/ansori/project-tempest/check-repo-version/vendor/tempest/framework/src/Tempest/Console/src/Exceptions/ConsoleErrorHandler.php:68
error [0;38;5;208m"[1;38;5;113mUndefined array key "nuxt"[0;38;5;208m"[m
/Users/ansori/project-tempest/check-repo-version/vendor/tempest/framework/src/Tempest/Console/src/Exceptions/ConsoleErrorHandler.php:68
error [0;38;5;208m"[1;38;5;113mUndefined array key "nuxt"[0;38;5;208m"[m
/Users/ansori/project-tempest/check-repo-version/vendor/tempest/framework/src/Tempest/Console/src/Exceptions/ConsoleErrorHandler.php:68
error [0;38;5;208m"[1;38;5;113mUndefined array key "nuxt"[0;38;5;208m"[m
/Users/ansori/project-tempest/check-repo-version/vendor/tempest/framework/src/Tempest/Console/src/Exceptions/ConsoleErrorHandler.php:68
error [0;38;5;208m"[1;38;5;113mUndefined array key "devDependencies"[0;38;5;208m"[m
/Users/ansori/project-tempest/check-repo-version/vendor/tempest/framework/src/Tempest/Console/src/Exceptions/ConsoleErrorHandler.php:68
error [0;38;5;208m"[1;38;5;113mTrying to access array offset on null[0;38;5;208m"[m
/Users/ansori/project-tempest/check-repo-version/vendor/tempest/framework/src/Tempest/Console/src/Exceptions/ConsoleErrorHandler.php:68
error [0;38;5;208m"[1;38;5;113mUndefined array key "nuxt"[0;38;5;208m"[m
/Users/ansori/project-tempest/check-repo-version/vendor/tempest/framework/src/Tempest/Console/src/Exceptions/ConsoleErrorHandler.php:68
error [0;38;5;208m"[1;38;5;113mUndefined array key "devDependencies"[0;38;5;208m"[m
/Users/ansori/project-tempest/check-repo-version/vendor/tempest/framework/src/Tempest/Console/src/Exceptions/ConsoleErrorHandler.php:68
error [0;38;5;208m"[1;38;5;113mTrying to access array offset on null[0;38;5;208m"[m
/Users/ansori/project-tempest/check-repo-version/vendor/tempest/framework/src/Tempest/Console/src/Exceptions/ConsoleErrorHandler.php:68
error [0;38;5;208m"[1;38;5;113mUndefined array key "nuxt"[0;38;5;208m"[m
/Users/ansori/project-tempest/check-repo-version/vendor/tempest/framework/src/Tempest/Console/src/Exceptions/ConsoleErrorHandler.php:68
error [0;38;5;208m"[1;38;5;113mUndefined array key "nuxt"[0;38;5;208m"[m
/Users/ansori/project-tempest/check-repo-version/vendor/tempest/framework/src/Tempest/Console/src/Exceptions/ConsoleErrorHandler.php:68
error [0;38;5;208m"[1;38;5;113mUndefined array key "nuxt"[0;38;5;208m"[m
/Users/ansori/project-tempest/check-repo-version/vendor/tempest/framework/src/Tempest/Console/src/Exceptions/ConsoleErrorHandler.php:68
error [0;38;5;208m"[1;38;5;113mUndefined array key "nuxt"[0;38;5;208m"[m
/Users/ansori/project-tempest/check-repo-version/vendor/tempest/framework/src/Tempest/Console/src/Exceptions/ConsoleErrorHandler.php:68
error [0;38;5;208m"[1;38;5;113mUndefined array key "nuxt"[0;38;5;208m"[m
/Users/ansori/project-tempest/check-repo-version/vendor/tempest/framework/src/Tempest/Console/src/Exceptions/ConsoleErrorHandler.php:68
error [0;38;5;208m"[1;38;5;113mUndefined array key "nuxt"[0;38;5;208m"[m
/Users/ansori/project-tempest/check-repo-version/vendor/tempest/framework/src/Tempest/Console/src/Exceptions/ConsoleErrorHandler.php:68
error [0;38;5;208m"[1;38;5;113mUndefined array key "nuxt"[0;38;5;208m"[m
/Users/ansori/project-tempest/check-repo-version/vendor/tempest/framework/src/Tempest/Console/src/Exceptions/ConsoleErrorHandler.php:68
error [0;38;5;208m"[1;38;5;113mUndefined array key "nuxt"[0;38;5;208m"[m
/Users/ansori/project-tempest/check-repo-version/vendor/tempest/framework/src/Tempest/Console/src/Exceptions/ConsoleErrorHandler.php:68
error [0;38;5;208m"[1;38;5;113mUndefined array key "nuxt"[0;38;5;208m"[m
/Users/ansori/project-tempest/check-repo-version/vendor/tempest/framework/src/Tempest/Console/src/Exceptions/ConsoleErrorHandler.php:68
error [0;38;5;208m"[1;38;5;113mUndefined array key "nuxt"[0;38;5;208m"[m
/Users/ansori/project-tempest/check-repo-version/vendor/tempest/framework/src/Tempest/Console/src/Exceptions/ConsoleErrorHandler.php:68
error [0;38;5;208m"[1;38;5;113mUndefined array key "nuxt"[0;38;5;208m"[m
/Users/ansori/project-tempest/check-repo-version/vendor/tempest/framework/src/Tempest/Console/src/Exceptions/ConsoleErrorHandler.php:68
error [0;38;5;208m"[1;38;5;113mUndefined array key "nuxt"[0;38;5;208m"[m
/Users/ansori/project-tempest/check-repo-version/vendor/tempest/framework/src/Tempest/Console/src/Exceptions/ConsoleErrorHandler.php:68
error [0;38;5;208m"[1;38;5;113mUndefined array key "nuxt"[0;38;5;208m"[m
/Users/ansori/project-tempest/check-repo-version/vendor/tempest/framework/src/Tempest/Console/src/Exceptions/ConsoleErrorHandler.php:68
error [0;38;5;208m"[1;38;5;113mUndefined array key "nuxt"[0;38;5;208m"[m
/Users/ansori/project-tempest/check-repo-version/vendor/tempest/framework/src/Tempest/Console/src/Exceptions/ConsoleErrorHandler.php:68
error [0;38;5;208m"[1;38;5;113mUndefined array key "nuxt"[0;38;5;208m"[m
/Users/ansori/project-tempest/check-repo-version/vendor/tempest/framework/src/Tempest/Console/src/Exceptions/ConsoleErrorHandler.php:68
error [0;38;5;208m"[1;38;5;113mUndefined array key "nuxt"[0;38;5;208m"[m
/Users/ansori/project-tempest/check-repo-version/vendor/tempest/framework/src/Tempest/Console/src/Exceptions/ConsoleErrorHandler.php:68
error [0;38;5;208m"[1;38;5;113mUndefined array key "nuxt"[0;38;5;208m"[m
/Users/ansori/project-tempest/check-repo-version/vendor/tempest/framework/src/Tempest/Console/src/Exceptions/ConsoleErrorHandler.php:68
error [0;38;5;208m"[1;38;5;113mUndefined array key "nuxt"[0;38;5;208m"[m
/Users/ansori/project-tempest/check-repo-version/vendor/tempest/framework/src/Tempest/Console/src/Exceptions/ConsoleErrorHandler.php:68
error [0;38;5;208m"[1;38;5;113mUndefined array key "laravel/framework"[0;38;5;208m"[m
/Users/ansori/project-tempest/check-repo-version/vendor/tempest/framework/src/Tempest/Console/src/Exceptions/ConsoleErrorHandler.php:68
exception [0;38;5;208m"[1;38;5;113mCannot assign string to property Tempest\Console\Components\Interactive\SingleChoiceComponent::$selectedOption of type int[0;38;5;208m"[m
/Users/ansori/project-tempest/check-repo-version/vendor/tempest/framework/src/Tempest/Console/src/Exceptions/ConsoleErrorHandler.php:31
error [0;38;5;208m"[1;38;5;113mUndefined array key "x"[0;38;5;208m"[m
/Users/ansori/project-tempest/check-repo-version/vendor/tempest/framework/src/Tempest/Console/src/Exceptions/ConsoleErrorHandler.php:68
error [0;38;5;208m"[1;38;5;113mUndefined array key "y"[0;38;5;208m"[m
/Users/ansori/project-tempest/check-repo-version/vendor/tempest/framework/src/Tempest/Console/src/Exceptions/ConsoleErrorHandler.php:68
error [0;38;5;208m"[1;38;5;113mUndefined array key "x"[0;38;5;208m"[m
/Users/ansori/project-tempest/check-repo-version/vendor/tempest/framework/src/Tempest/Console/src/Exceptions/ConsoleErrorHandler.php:68
error [0;38;5;208m"[1;38;5;113mUndefined array key "y"[0;38;5;208m"[m
/Users/ansori/project-tempest/check-repo-version/vendor/tempest/framework/src/Tempest/Console/src/Exceptions/ConsoleErrorHandler.php:68
